src/components/ErrorBoundary.tsx(2,8): error TS6133: 'React' is declared but its value is never read.
src/components/TemplateSelector/TemplateSelector.tsx(216,9): error TS6133: 'useTemplate' is declared but its value is never read.
src/components/TodoForm/TodoForm.test.tsx(4,25): error TS6133: 'TodoFormData' is declared but its value is never read.
